<?xml version="1.0" encoding="UTF-8"?>
<!-- Generated by org.testng.reporters.JUnitReportReporter -->
<testsuite hostname="DESKTOP-GCL01NE" failures="0" tests="2" name="annotation.Ignore" time="0.023" errors="0" timestamp="2025-06-26T21:54:48 IST" skipped="1">
  <testcase classname="annotation.Ignore" name="HitURL" time="0.023"/>
  <system-out/>
  <testcase classname="annotation.Ignore" name="launchBrowser">
    <skipped/>
  </testcase> <!-- launchBrowser -->
  <system-out/>
</testsuite> <!-- annotation.Ignore -->
