<?xml version="1.0" encoding="UTF-8"?>
<!-- Generated by org.testng.reporters.JUnitReportReporter -->
<testsuite hostname="DESKTOP-GCL01NE" failures="0" tests="4" name="priority_scenario.TwoPriority" time="0.028" errors="0" timestamp="2025-06-26T16:07:34 IST" skipped="0">
  <testcase classname="priority_scenario.TwoPriority" name="a" time="0.017"/>
  <system-out/>
  <testcase classname="priority_scenario.TwoPriority" name="b" time="0.003"/>
  <system-out/>
  <testcase classname="priority_scenario.TwoPriority" name="d" time="0.004"/>
  <system-out/>
  <testcase classname="priority_scenario.TwoPriority" name="c" time="0.004"/>
  <system-out/>
</testsuite> <!-- priority_scenario.TwoPriority -->
