<?xml version="1.0" encoding="UTF-8"?>
<!-- Generated by org.testng.reporters.JUnitReportReporter -->
<testsuite hostname="DESKTOP-GCL01NE" failures="0" tests="3" name="annotation_parameter.AlwaysRun" time="0.028" errors="0" timestamp="2025-06-26T17:13:33 IST" skipped="0">
  <testcase classname="annotation_parameter.AlwaysRun" name="launchBrowser" time="0.004"/>
  <system-out/>
  <testcase classname="annotation_parameter.AlwaysRun" name="logOut" time="0.003"/>
  <system-out/>
  <testcase classname="annotation_parameter.AlwaysRun" name="Parameter" time="0.021"/>
  <system-out/>
</testsuite> <!-- annotation_parameter.AlwaysRun -->
