<?xml version="1.0" encoding="UTF-8"?>
<!-- Generated by org.testng.reporters.JUnitReportReporter -->
<testsuite hostname="DESKTOP-GCL01NE" failures="0" tests="2" name="annotation_parameter.Invocationcount" time="0.029" errors="0" timestamp="2025-06-26T16:47:51 IST" skipped="0">
  <testcase classname="annotation_parameter.Invocationcount" name="dataMethod" time="0.005"/>
  <system-out/>
  <testcase classname="annotation_parameter.Invocationcount" name="dataMethod" time="0.024"/>
  <system-out/>
</testsuite> <!-- annotation_parameter.Invocationcount -->
