<?xml version="1.0" encoding="UTF-8"?>
<!-- Generated by org.testng.reporters.JUnitReportReporter -->
<testsuite hostname="DESKTOP-GCL01NE" failures="0" tests="3" name="annotation_parameter.DependsOnMethods" time="0.048" errors="0" timestamp="2025-06-26T18:34:36 IST" skipped="0">
  <testcase classname="annotation_parameter.DependsOnMethods" name="WebElement" time="0.004"/>
  <system-out/>
  <testcase classname="annotation_parameter.DependsOnMethods" name="hitURL" time="0.004"/>
  <system-out/>
  <testcase classname="annotation_parameter.DependsOnMethods" name="launchBrowser" time="0.040"/>
  <system-out/>
</testsuite> <!-- annotation_parameter.DependsOnMethods -->
