<?xml version="1.0" encoding="UTF-8"?>
<!-- Generated by org.testng.reporters.JUnitReportReporter -->
<testsuite hostname="DESKTOP-GCL01NE" failures="0" tests="9" name="annotation_parameter.DependsOnGroup" time="0.074" errors="0" timestamp="2025-06-26T21:52:42 IST" skipped="1">
  <testcase classname="annotation_parameter.DependsOnGroup" name="search" time="0.005"/>
  <system-out/>
  <testcase classname="annotation_parameter.DependsOnGroup" name="tearDownResorces" time="0.013"/>
  <system-out/>
  <testcase classname="annotation_parameter.DependsOnGroup" name="HitURL" time="0.025"/>
  <system-out/>
  <testcase classname="annotation_parameter.DependsOnGroup" name="text" time="0.004"/>
  <system-out/>
  <testcase classname="annotation_parameter.DependsOnGroup" name="logout" time="0.010"/>
  <system-out/>
  <testcase classname="annotation_parameter.DependsOnGroup" name="click" time="0.004"/>
  <system-out/>
  <testcase classname="annotation_parameter.DependsOnGroup" name="getDBConnectivity" time="0.007"/>
  <system-out/>
  <testcase classname="annotation_parameter.DependsOnGroup" name="logIn" time="0.006"/>
  <system-out/>
  <testcase classname="annotation_parameter.DependsOnGroup" name="launchBrowser">
    <skipped/>
  </testcase> <!-- launchBrowser -->
  <system-out/>
</testsuite> <!-- annotation_parameter.DependsOnGroup -->
