<?xml version="1.0" encoding="UTF-8"?>
<!-- Generated by org.testng.reporters.JUnitReportReporter -->
<testsuite hostname="DESKTOP-GCL01NE" failures="0" tests="3" name="annotation_parameter.Group_01" time="0.047" errors="0" timestamp="2025-06-29T07:02:13 IST" skipped="0">
  <testcase classname="annotation_parameter.Group_01" name="hitUrl" time="0.040"/>
  <system-out/>
  <testcase classname="annotation_parameter.Group_01" name="login" time="0.004"/>
  <system-out/>
  <testcase classname="annotation_parameter.Group_01" name="addtocart" time="0.003"/>
  <system-out/>
</testsuite> <!-- annotation_parameter.Group_01 -->
