<?xml version="1.0" encoding="UTF-8"?>
<!-- Generated by org.testng.reporters.JUnitReportReporter -->
<testsuite hostname="DESKTOP-GCL01NE" failures="0" tests="1" name="label.description" time="0.024" errors="0" timestamp="2025-06-26T16:40:04 IST" skipped="0">
  <testcase classname="label.description" name="f" time="0.024"/>
  <system-out/>
</testsuite> <!-- label.description -->
