<?xml version="1.0" encoding="UTF-8"?>
<!-- Generated by org.testng.reporters.JUnitReportReporter -->
<testsuite hostname="DESKTOP-GCL01NE" failures="0" tests="2" name="testNg.FirstTest" time="0.018" errors="0" timestamp="2025-06-26T07:59:00 IST" skipped="0">
  <testcase classname="testNg.FirstTest" name="f" time="0.008"/>
  <system-out/>
  <testcase classname="testNg.FirstTest" name="P" time="0.010"/>
  <system-out/>
</testsuite> <!-- testNg.FirstTest -->
