<?xml version="1.0" encoding="UTF-8"?>
<!-- Generated by org.testng.reporters.JUnitReportReporter -->
<testsuite hostname="DESKTOP-GCL01NE" failures="0" tests="4" name="priority_scenario.SequencialPriority" time="0.038" errors="0" timestamp="2025-06-26T16:10:02 IST" skipped="0">
  <testcase classname="priority_scenario.SequencialPriority" name="d" time="0.017"/>
  <system-out/>
  <testcase classname="priority_scenario.SequencialPriority" name="c" time="0.004"/>
  <system-out/>
  <testcase classname="priority_scenario.SequencialPriority" name="b" time="0.008"/>
  <system-out/>
  <testcase classname="priority_scenario.SequencialPriority" name="a" time="0.009"/>
  <system-out/>
</testsuite> <!-- priority_scenario.SequencialPriority -->
