<?xml version="1.0" encoding="UTF-8"?>
<!-- Generated by org.testng.reporters.JUnitReportReporter -->
<testsuite hostname="DESKTOP-GCL01NE" failures="0" tests="1" name="assertion.softAssert.AssertAll" time="5.063" errors="0" timestamp="2025-06-29T08:32:42 IST" skipped="0">
  <testcase classname="assertion.softAssert.AssertAll" name="launchBrowser" time="5.063"/>
</testsuite> <!-- assertion.softAssert.AssertAll -->
