<?xml version="1.0" encoding="UTF-8"?>
<!-- Generated by org.testng.reporters.JUnitReportReporter -->
<testsuite hostname="DESKTOP-GCL01NE" failures="0" tests="1" name="execute.ExecuteAccountVerification" time="2.010" errors="0" timestamp="2025-06-29T17:13:17 IST" skipped="0">
  <testcase classname="execute.ExecuteAccountVerification" name="verify" time="2.010"/>
</testsuite> <!-- execute.ExecuteAccountVerification -->
