<?xml version="1.0" encoding="UTF-8"?>
<!-- Generated by org.testng.reporters.JUnitReportReporter -->
<testsuite hostname="DESKTOP-GCL01NE" failures="0" tests="1" name="annotation.BeforeClass_AfterClass" time="0.041" errors="0" timestamp="2025-06-26T16:32:07 IST" skipped="0">
  <testcase classname="annotation.BeforeClass_AfterClass" name="f" time="0.041"/>
  <system-out/>
</testsuite> <!-- annotation.BeforeClass_AfterClass -->
