<?xml version="1.0" encoding="UTF-8"?>
<!-- Generated by org.testng.reporters.JUnitReportReporter -->
<testsuite hostname="DESKTOP-GCL01NE" failures="0" tests="1" name="annotation.BeforeSuite" time="0.023" errors="0" timestamp="2025-06-26T15:46:02 IST" skipped="0">
  <testcase classname="annotation.BeforeSuite" name="f" time="0.023"/>
  <system-out/>
</testsuite> <!-- annotation.BeforeSuite -->
