<?xml version="1.0" encoding="UTF-8"?>
<!-- Generated by org.testng.reporters.JUnitReportReporter -->
<testsuite hostname="DESKTOP-GCL01NE" failures="0" tests="2" name="assertion.hardAssert.Assert_Equals" time="1.852" errors="0" timestamp="2025-06-29T07:46:27 IST" skipped="0">
  <testcase classname="assertion.hardAssert.Assert_Equals" name="verifyURL" time="1.689"/>
  <system-out/>
  <testcase classname="assertion.hardAssert.Assert_Equals" name="verifyTittle" time="0.163"/>
  <system-out/>
</testsuite> <!-- assertion.hardAssert.Assert_Equals -->
