<?xml version="1.0" encoding="UTF-8"?>
<!-- Generated by org.testng.reporters.JUnitReportReporter -->
<testsuite hostname="DESKTOP-GCL01NE" failures="0" tests="3" name="paraBankExecute.BankExecute" time="13.538" errors="0" timestamp="2025-07-10T21:13:23 IST" skipped="1">
  <testcase classname="paraBankExecute.BankExecute" name="CreateRecord" time="9.133"/>
  <testcase classname="paraBankExecute.BankExecute" name="login" time="4.405"/>
  <testcase classname="paraBankExecute.BankExecute" name="logout">
    <skipped/>
  </testcase> <!-- logout -->
</testsuite> <!-- paraBankExecute.BankExecute -->
