<?xml version="1.0" encoding="UTF-8"?>
<!-- Generated by org.testng.reporters.JUnitReportReporter -->
<testsuite hostname="DESKTOP-GCL01NE" failures="0" tests="4" name="listner.ListnerTestNG" time="1.220" errors="0" timestamp="2025-06-28T08:50:07 IST" skipped="0">
  <testcase classname="listner.ListnerTestNG" name="logout" time="0.149"/>
  <system-out/>
  <testcase classname="listner.ListnerTestNG" name="browserLaunch" time="0.757"/>
  <system-out/>
  <testcase classname="listner.ListnerTestNG" name="login" time="0.166"/>
  <system-out/>
  <testcase classname="listner.ListnerTestNG" name="search" time="0.148"/>
  <system-out/>
</testsuite> <!-- listner.ListnerTestNG -->
