<?xml version="1.0" encoding="UTF-8"?>
<!-- Generated by org.testng.reporters.JUnitReportReporter -->
<testsuite hostname="DESKTOP-GCL01NE" failures="0" tests="1" name="assertion.hardAssert.Assert_assertNotEquals" time="0.074" errors="0" timestamp="2025-06-29T08:32:42 IST" skipped="0">
  <testcase classname="assertion.hardAssert.Assert_assertNotEquals" name="verifyURL" time="0.074"/>
</testsuite> <!-- assertion.hardAssert.Assert_assertNotEquals -->
