<?xml version="1.0" encoding="UTF-8"?>
<!-- Generated by org.testng.reporters.JUnitReportReporter -->
<testsuite hostname="DESKTOP-GCL01NE" failures="0" tests="2" name="annotation_parameter.Enabled" time="0.022" errors="0" timestamp="2025-06-26T16:50:22 IST" skipped="1">
  <testcase classname="annotation_parameter.Enabled" name="b" time="0.022"/>
  <system-out/>
  <testcase classname="annotation_parameter.Enabled" name="c">
    <skipped/>
  </testcase> <!-- c -->
  <system-out/>
</testsuite> <!-- annotation_parameter.Enabled -->
