<?xml version="1.0" encoding="UTF-8"?>
<!-- Generated by org.testng.reporters.JUnitReportReporter -->
<testsuite hostname="DESKTOP-GCL01NE" failures="0" tests="11" name="site.StudentForm" time="13.175" errors="0" timestamp="2025-07-10T21:07:40 IST" skipped="0">
  <testcase classname="site.StudentForm" name="name" time="0.648"/>
  <testcase classname="site.StudentForm" name="email" time="0.453"/>
  <testcase classname="site.StudentForm" name="gender" time="0.404"/>
  <testcase classname="site.StudentForm" name="mobileNumber" time="0.343"/>
  <testcase classname="site.StudentForm" name="Fetch_database_date_to_Webpage" time="0.339"/>
  <testcase classname="site.StudentForm" name="subject" time="0.426"/>
  <testcase classname="site.StudentForm" name="hobbies" time="0.359"/>
  <testcase classname="site.StudentForm" name="file_Upload" time="6.773"/>
  <testcase classname="site.StudentForm" name="currentAddress" time="0.718"/>
  <testcase classname="site.StudentForm" name="state" time="2.451"/>
  <testcase classname="site.StudentForm" name="city" time="0.261"/>
</testsuite> <!-- site.StudentForm -->
