<?xml version="1.0" encoding="UTF-8"?>
<!-- Generated by org.testng.reporters.JUnitReportReporter -->
<testsuite hostname="DESKTOP-GCL01NE" failures="0" tests="1" name="pageObjectModel.ExecuteAccountVerification" time="2.064" errors="0" timestamp="2025-06-29T15:55:16 IST" skipped="0">
  <testcase classname="pageObjectModel.ExecuteAccountVerification" name="verify" time="2.064"/>
</testsuite> <!-- pageObjectModel.ExecuteAccountVerification -->
