<?xml version="1.0" encoding="UTF-8"?>
<!-- Generated by org.testng.reporters.JUnitReportReporter -->
<testsuite hostname="DESKTOP-GCL01NE" failures="0" tests="2" name="pageObjectModel.Execute" time="11.529" errors="0" timestamp="2025-06-29T17:27:56 IST" skipped="0">
  <testcase classname="pageObjectModel.Execute" name="verify" time="2.044"/>
  <testcase classname="pageObjectModel.Execute" name="createAccount" time="9.485"/>
</testsuite> <!-- pageObjectModel.Execute -->
