<?xml version="1.0" encoding="UTF-8"?>
<!-- Generated by org.testng.reporters.JUnitReportReporter -->
<testsuite hostname="DESKTOP-GCL01NE" failures="0" tests="1" name="execute.ExecuteFile" time="0.022" errors="0" timestamp="2025-06-30T16:03:50 IST" skipped="0">
  <testcase classname="execute.ExecuteFile" name="fileAddress" time="0.022"/>
</testsuite> <!-- execute.ExecuteFile -->
