<?xml version="1.0" encoding="UTF-8"?>
<!-- Generated by org.testng.reporters.JUnitReportReporter -->
<testsuite hostname="DESKTOP-GCL01NE" failures="0" tests="2" name="assertion.hardAssert.Assert_assertEquals" time="0.105" errors="0" timestamp="2025-06-29T08:32:42 IST" skipped="0">
  <testcase classname="assertion.hardAssert.Assert_assertEquals" name="verifyURL" time="0.056"/>
  <testcase classname="assertion.hardAssert.Assert_assertEquals" name="verifyTittle" time="0.049"/>
</testsuite> <!-- assertion.hardAssert.Assert_assertEquals -->
