<?xml version="1.0" encoding="UTF-8"?>
<!-- Generated by org.testng.reporters.JUnitReportReporter -->
<testsuite hostname="DESKTOP-GCL01NE" failures="0" tests="11" name="site.StudentForm" time="14.115" errors="0" timestamp="2025-06-28T08:06:12 IST" skipped="0">
  <testcase classname="site.StudentForm" name="name" time="0.812"/>
  <system-out/>
  <testcase classname="site.StudentForm" name="email" time="0.518"/>
  <system-out/>
  <testcase classname="site.StudentForm" name="gender" time="0.419"/>
  <system-out/>
  <testcase classname="site.StudentForm" name="mobileNumber" time="0.431"/>
  <system-out/>
  <testcase classname="site.StudentForm" name="Fetch_database_date_to_Webpage" time="0.360"/>
  <system-out/>
  <testcase classname="site.StudentForm" name="subject" time="0.449"/>
  <system-out/>
  <testcase classname="site.StudentForm" name="hobbies" time="0.466"/>
  <system-out/>
  <testcase classname="site.StudentForm" name="file_Upload" time="7.277"/>
  <system-out/>
  <testcase classname="site.StudentForm" name="currentAddress" time="0.717"/>
  <system-out/>
  <testcase classname="site.StudentForm" name="state" time="2.279"/>
  <system-out/>
  <testcase classname="site.StudentForm" name="city" time="0.387"/>
  <system-out/>
</testsuite> <!-- site.StudentForm -->
