<?xml version="1.0" encoding="UTF-8"?>
<!-- Generated by org.testng.reporters.JUnitReportReporter -->
<testsuite hostname="DESKTOP-GCL01NE" failures="0" tests="1" name="assertion.hardAssert.Assert_NotEquals" time="0.201" errors="0" timestamp="2025-06-29T07:45:03 IST" skipped="0">
  <testcase classname="assertion.hardAssert.Assert_NotEquals" name="verifyURL" time="0.201"/>
  <system-out/>
</testsuite> <!-- assertion.hardAssert.Assert_NotEquals -->
