<?xml version="1.0" encoding="UTF-8"?>
<!-- Generated by org.testng.reporters.JUnitReportReporter -->
<testsuite hostname="DESKTOP-GCL01NE" failures="0" tests="2" name="annotation_parameter.Priority" time="0.029" errors="0" timestamp="2025-06-26T16:42:48 IST" skipped="0">
  <testcase classname="annotation_parameter.Priority" name="c" time="0.025"/>
  <system-out/>
  <testcase classname="annotation_parameter.Priority" name="b" time="0.004"/>
  <system-out/>
</testsuite> <!-- annotation_parameter.Priority -->
