<?xml version="1.0" encoding="UTF-8"?>
<!-- Generated by org.testng.reporters.JUnitReportReporter -->
<testsuite hostname="DESKTOP-GCL01NE" failures="0" tests="3" name="testNg.Priority" time="0.046" errors="0" timestamp="2025-06-26T08:16:36 IST" skipped="0">
  <testcase classname="testNg.Priority" name="priorityMethod" time="0.037"/>
  <system-out/>
  <testcase classname="testNg.Priority" name="priorityMethod_02" time="0.004"/>
  <system-out/>
  <testcase classname="testNg.Priority" name="priorityMethod_01" time="0.005"/>
  <system-out/>
</testsuite> <!-- testNg.Priority -->
