<?xml version="1.0" encoding="UTF-8"?>
<!-- Generated by org.testng.reporters.JUnitReportReporter -->
<testsuite hostname="DESKTOP-GCL01NE" failures="0" tests="4" name="priority_scenario.OnePriority" time="0.035" errors="0" timestamp="2025-06-26T16:04:11 IST" skipped="0">
  <testcase classname="priority_scenario.OnePriority" name="a" time="0.016"/>
  <system-out/>
  <testcase classname="priority_scenario.OnePriority" name="b" time="0.004"/>
  <system-out/>
  <testcase classname="priority_scenario.OnePriority" name="c" time="0.005"/>
  <system-out/>
  <testcase classname="priority_scenario.OnePriority" name="d" time="0.010"/>
  <system-out/>
</testsuite> <!-- priority_scenario.OnePriority -->
