<?xml version="1.0" encoding="UTF-8"?>
<!-- Generated by org.testng.reporters.JUnitReportReporter -->
<testsuite hostname="DESKTOP-GCL01NE" failures="0" tests="4" name="site.demo" time="0.048" errors="0" timestamp="2025-06-27T07:29:49 IST" skipped="0">
  <testcase classname="site.demo" name="a" time="0.027"/>
  <system-out/>
  <testcase classname="site.demo" name="b" time="0.006"/>
  <system-out/>
  <testcase classname="site.demo" name="c" time="0.006"/>
  <system-out/>
  <testcase classname="site.demo" name="d" time="0.009"/>
  <system-out/>
</testsuite> <!-- site.demo -->
