<?xml version="1.0" encoding="UTF-8"?>
<!-- Generated by org.testng.reporters.JUnitReportReporter -->
<testsuite hostname="DESKTOP-GCL01NE" failures="0" tests="2" name="annotation.TestngAnnotations" time="0.030" errors="0" timestamp="2025-06-26T16:16:52 IST" skipped="0">
  <testcase classname="annotation.TestngAnnotations" name="test2" time="0.009"/>
  <system-out/>
  <testcase classname="annotation.TestngAnnotations" name="test1" time="0.021"/>
  <system-out/>
</testsuite> <!-- annotation.TestngAnnotations -->
