<?xml version="1.0" encoding="UTF-8"?>
<!-- Generated by org.testng.reporters.JUnitReportReporter -->
<testsuite hostname="DESKTOP-GCL01NE" failures="0" tests="1" name="annotation.BeforMethod_AfterMethod" time="0.036" errors="0" timestamp="2025-06-26T16:37:31 IST" skipped="0">
  <testcase classname="annotation.BeforMethod_AfterMethod" name="f" time="0.036"/>
  <system-out/>
</testsuite> <!-- annotation.BeforMethod_AfterMethod -->
