<?xml version="1.0" encoding="UTF-8"?>
<!-- Generated by org.testng.reporters.JUnitReportReporter -->
<testsuite hostname="DESKTOP-GCL01NE" failures="0" tests="1" name="annotation_parameter.TestName" time="0.022" errors="0" timestamp="2025-06-26T17:06:39 IST" skipped="0">
  <testcase classname="annotation_parameter.TestName" name="login" time="0.022"/>
  <system-out/>
</testsuite> <!-- annotation_parameter.TestName -->
