<?xml version="1.0" encoding="UTF-8"?>
<!-- Generated by org.testng.reporters.JUnitReportReporter -->
<testsuite hostname="DESKTOP-GCL01NE" failures="0" tests="3" name="annotation_parameter.Group_02" time="0.015" errors="0" timestamp="2025-06-29T07:02:13 IST" skipped="0">
  <testcase classname="annotation_parameter.Group_02" name="trackOrder" time="0.005"/>
  <system-out/>
  <testcase classname="annotation_parameter.Group_02" name="payment" time="0.003"/>
  <system-out/>
  <testcase classname="annotation_parameter.Group_02" name="logout" time="0.007"/>
  <system-out/>
</testsuite> <!-- annotation_parameter.Group_02 -->
