<?xml version="1.0" encoding="UTF-8"?>
<!-- Generated by org.testng.reporters.JUnitReportReporter -->
<testsuite hostname="DESKTOP-GCL01NE" failures="0" tests="4" name="priority_scenario.NoPriorityGiven" time="0.042" errors="0" timestamp="2025-06-26T16:01:33 IST" skipped="0">
  <testcase classname="priority_scenario.NoPriorityGiven" name="d" time="0.005"/>
  <system-out/>
  <testcase classname="priority_scenario.NoPriorityGiven" name="c" time="0.008"/>
  <system-out/>
  <testcase classname="priority_scenario.NoPriorityGiven" name="b" time="0.009"/>
  <system-out/>
  <testcase classname="priority_scenario.NoPriorityGiven" name="a" time="0.020"/>
  <system-out/>
</testsuite> <!-- priority_scenario.NoPriorityGiven -->
