<?xml version="1.0" encoding="UTF-8"?>
<!-- Generated by org.testng.reporters.JUnitReportReporter -->
<testsuite hostname="DESKTOP-GCL01NE" failures="0" tests="1" name="assertion.hardAssert.AssertTrue" time="0.703" errors="0" timestamp="2025-06-29T08:32:42 IST" skipped="0">
  <testcase classname="assertion.hardAssert.AssertTrue" name="verifyURL" time="0.703"/>
</testsuite> <!-- assertion.hardAssert.AssertTrue -->
