<?xml version="1.0" encoding="UTF-8"?>
<!-- Generated by org.testng.reporters.JUnitReportReporter -->
<testsuite hostname="DESKTOP-GCL01NE" failures="0" tests="1" name="testNg.class_01" time="0.017" errors="0" timestamp="2025-06-26T07:59:00 IST" skipped="0">
  <testcase classname="testNg.class_01" name="f" time="0.017"/>
  <system-out/>
</testsuite> <!-- testNg.class_01 -->
