<?xml version="1.0" encoding="UTF-8"?>
<!-- Generated by org.testng.reporters.JUnitReportReporter -->
<testsuite hostname="DESKTOP-GCL01NE" failures="0" tests="1" name="annotation.BeforeTest_AfterTest" time="0.016" errors="0" timestamp="2025-06-26T16:26:51 IST" skipped="0">
  <testcase classname="annotation.BeforeTest_AfterTest" name="f" time="0.016"/>
  <system-out/>
</testsuite> <!-- annotation.BeforeTest_AfterTest -->
